[INFO] Scanning for projects...
[INFO] 
[INFO] -----------------------< org.thevoids:OncoLogic >-----------------------
[INFO] Building OncoLogic 0.0.1-SNAPSHOT
[INFO]   from pom.xml
[INFO] --------------------------------[ war ]---------------------------------
[INFO] 
[INFO] --- jacoco:0.8.12:prepare-agent (default) @ OncoLogic ---
[INFO] argLine set to -javaagent:/home/osgomez/.m2/repository/org/jacoco/org.jacoco.agent/0.8.12/org.jacoco.agent-0.8.12-runtime.jar=destfile=/home/osgomez/Code/icesi_codes/7mo_semestre/compunet2/proyecto-final-thevoids/target/jacoco.exec,excludes=org/thevoids/oncologic/entity/**:org/thevoids/oncologic/mapper/*Impl.class
[INFO] 
[INFO] --- resources:3.3.1:resources (default-resources) @ OncoLogic ---
[INFO] Copying 3 resources from src/main/resources to target/classes
[INFO] Copying 20 resources from src/main/resources to target/classes
[INFO] 
[INFO] --- compiler:3.13.0:compile (default-compile) @ OncoLogic ---
[INFO] Nothing to compile - all classes are up to date.
[INFO] 
[INFO] --- resources:3.3.1:testResources (default-testResources) @ OncoLogic ---
[INFO] Copying 1 resource from src/test/resources to target/test-classes
[INFO] 
[INFO] --- compiler:3.13.0:testCompile (default-testCompile) @ OncoLogic ---
[INFO] Nothing to compile - all classes are up to date.
[INFO] 
[INFO] --- surefire:3.5.2:test (default-test) @ OncoLogic ---
[INFO] Using auto detected provider org.apache.maven.surefire.junitplatform.JUnitPlatformProvider
[INFO] 
[INFO] -------------------------------------------------------
[INFO]  T E S T S
[INFO] -------------------------------------------------------
[INFO] Running org.thevoids.oncologic.controller.api.RestAppointmentControllerUnitTest
[INFO] Tests run: 14, Failures: 0, Errors: 0, Skipped: 0, Time elapsed: 2.427 s -- in org.thevoids.oncologic.controller.api.RestAppointmentControllerUnitTest
[INFO] Running org.thevoids.oncologic.controller.api.RestAppointmentTypeControllerUnitTest
[INFO] Tests run: 14, Failures: 0, Errors: 0, Skipped: 0, Time elapsed: 0.375 s -- in org.thevoids.oncologic.controller.api.RestAppointmentTypeControllerUnitTest
[INFO] Running org.thevoids.oncologic.controller.api.RestAuthControllerUnitTest
[INFO] Tests run: 3, Failures: 0, Errors: 0, Skipped: 0, Time elapsed: 0.341 s -- in org.thevoids.oncologic.controller.api.RestAuthControllerUnitTest
[INFO] Running org.thevoids.oncologic.controller.api.RestClinicAssignmentControllerUnitTest
[INFO] Tests run: 14, Failures: 0, Errors: 0, Skipped: 0, Time elapsed: 0.151 s -- in org.thevoids.oncologic.controller.api.RestClinicAssignmentControllerUnitTest
[INFO] Running org.thevoids.oncologic.controller.api.RestClinicControllerUnitTest
[INFO] Tests run: 15, Failures: 0, Errors: 0, Skipped: 0, Time elapsed: 0.173 s -- in org.thevoids.oncologic.controller.api.RestClinicControllerUnitTest
[INFO] Running org.thevoids.oncologic.controller.api.RestHomeControllerUnitTest
[INFO] Tests run: 2, Failures: 0, Errors: 0, Skipped: 0, Time elapsed: 0.084 s -- in org.thevoids.oncologic.controller.api.RestHomeControllerUnitTest
[INFO] Running org.thevoids.oncologic.controller.api.RestLabControllerUnitTest
[INFO] Tests run: 15, Failures: 0, Errors: 0, Skipped: 0, Time elapsed: 0.127 s -- in org.thevoids.oncologic.controller.api.RestLabControllerUnitTest
[INFO] Running org.thevoids.oncologic.controller.api.RestMedicalHistoryControllerUnitTest
[ERROR] Tests run: 15, Failures: 4, Errors: 0, Skipped: 0, Time elapsed: 0.138 s <<< FAILURE! -- in org.thevoids.oncologic.controller.api.RestMedicalHistoryControllerUnitTest
[ERROR] org.thevoids.oncologic.controller.api.RestMedicalHistoryControllerUnitTest.testUpdateMedicalHistory_NullBody -- Time elapsed: 0.020 s <<< FAILURE!
org.opentest4j.AssertionFailedError: expected: <400 BAD_REQUEST> but was: <500 INTERNAL_SERVER_ERROR>
	at org.junit.jupiter.api.AssertionFailureBuilder.build(AssertionFailureBuilder.java:151)
	at org.junit.jupiter.api.AssertionFailureBuilder.buildAndThrow(AssertionFailureBuilder.java:132)
	at org.junit.jupiter.api.AssertEquals.failNotEqual(AssertEquals.java:197)
	at org.junit.jupiter.api.AssertEquals.assertEquals(AssertEquals.java:182)
	at org.junit.jupiter.api.AssertEquals.assertEquals(AssertEquals.java:177)
	at org.junit.jupiter.api.Assertions.assertEquals(Assertions.java:1145)
	at org.thevoids.oncologic.controller.api.RestMedicalHistoryControllerUnitTest.testUpdateMedicalHistory_NullBody(RestMedicalHistoryControllerUnitTest.java:211)
	at java.base/java.lang.reflect.Method.invoke(Method.java:580)
	at java.base/java.util.ArrayList.forEach(ArrayList.java:1596)
	at java.base/java.util.ArrayList.forEach(ArrayList.java:1596)

[ERROR] org.thevoids.oncologic.controller.api.RestMedicalHistoryControllerUnitTest.testCreateMedicalHistory_NullBody -- Time elapsed: 0.002 s <<< FAILURE!
org.opentest4j.AssertionFailedError: expected: <400 BAD_REQUEST> but was: <201 CREATED>
	at org.junit.jupiter.api.AssertionFailureBuilder.build(AssertionFailureBuilder.java:151)
	at org.junit.jupiter.api.AssertionFailureBuilder.buildAndThrow(AssertionFailureBuilder.java:132)
	at org.junit.jupiter.api.AssertEquals.failNotEqual(AssertEquals.java:197)
	at org.junit.jupiter.api.AssertEquals.assertEquals(AssertEquals.java:182)
	at org.junit.jupiter.api.AssertEquals.assertEquals(AssertEquals.java:177)
	at org.junit.jupiter.api.Assertions.assertEquals(Assertions.java:1145)
	at org.thevoids.oncologic.controller.api.RestMedicalHistoryControllerUnitTest.testCreateMedicalHistory_NullBody(RestMedicalHistoryControllerUnitTest.java:205)
	at java.base/java.lang.reflect.Method.invoke(Method.java:580)
	at java.base/java.util.ArrayList.forEach(ArrayList.java:1596)
	at java.base/java.util.ArrayList.forEach(ArrayList.java:1596)

[ERROR] org.thevoids.oncologic.controller.api.RestMedicalHistoryControllerUnitTest.testGetMedicalHistoryById_NullId -- Time elapsed: 0.002 s <<< FAILURE!
org.opentest4j.AssertionFailedError: expected: <400 BAD_REQUEST> but was: <200 OK>
	at org.junit.jupiter.api.AssertionFailureBuilder.build(AssertionFailureBuilder.java:151)
	at org.junit.jupiter.api.AssertionFailureBuilder.buildAndThrow(AssertionFailureBuilder.java:132)
	at org.junit.jupiter.api.AssertEquals.failNotEqual(AssertEquals.java:197)
	at org.junit.jupiter.api.AssertEquals.assertEquals(AssertEquals.java:182)
	at org.junit.jupiter.api.AssertEquals.assertEquals(AssertEquals.java:177)
	at org.junit.jupiter.api.Assertions.assertEquals(Assertions.java:1145)
	at org.thevoids.oncologic.controller.api.RestMedicalHistoryControllerUnitTest.testGetMedicalHistoryById_NullId(RestMedicalHistoryControllerUnitTest.java:199)
	at java.base/java.lang.reflect.Method.invoke(Method.java:580)
	at java.base/java.util.ArrayList.forEach(ArrayList.java:1596)
	at java.base/java.util.ArrayList.forEach(ArrayList.java:1596)

[ERROR] org.thevoids.oncologic.controller.api.RestMedicalHistoryControllerUnitTest.testDeleteMedicalHistory_NullId -- Time elapsed: 0.003 s <<< FAILURE!
org.opentest4j.AssertionFailedError: expected: <400 BAD_REQUEST> but was: <204 NO_CONTENT>
	at org.junit.jupiter.api.AssertionFailureBuilder.build(AssertionFailureBuilder.java:151)
	at org.junit.jupiter.api.AssertionFailureBuilder.buildAndThrow(AssertionFailureBuilder.java:132)
	at org.junit.jupiter.api.AssertEquals.failNotEqual(AssertEquals.java:197)
	at org.junit.jupiter.api.AssertEquals.assertEquals(AssertEquals.java:182)
	at org.junit.jupiter.api.AssertEquals.assertEquals(AssertEquals.java:177)
	at org.junit.jupiter.api.Assertions.assertEquals(Assertions.java:1145)
	at org.thevoids.oncologic.controller.api.RestMedicalHistoryControllerUnitTest.testDeleteMedicalHistory_NullId(RestMedicalHistoryControllerUnitTest.java:217)
	at java.base/java.lang.reflect.Method.invoke(Method.java:580)
	at java.base/java.util.ArrayList.forEach(ArrayList.java:1596)
	at java.base/java.util.ArrayList.forEach(ArrayList.java:1596)

[INFO] Running org.thevoids.oncologic.controller.api.RestPatientControllerUnitTest
[ERROR] Tests run: 15, Failures: 4, Errors: 0, Skipped: 0, Time elapsed: 0.133 s <<< FAILURE! -- in org.thevoids.oncologic.controller.api.RestPatientControllerUnitTest
[ERROR] org.thevoids.oncologic.controller.api.RestPatientControllerUnitTest.testDeletePatient_NullId -- Time elapsed: 0.003 s <<< FAILURE!
org.opentest4j.AssertionFailedError: expected: <400 BAD_REQUEST> but was: <204 NO_CONTENT>
	at org.junit.jupiter.api.AssertionFailureBuilder.build(AssertionFailureBuilder.java:151)
	at org.junit.jupiter.api.AssertionFailureBuilder.buildAndThrow(AssertionFailureBuilder.java:132)
	at org.junit.jupiter.api.AssertEquals.failNotEqual(AssertEquals.java:197)
	at org.junit.jupiter.api.AssertEquals.assertEquals(AssertEquals.java:182)
	at org.junit.jupiter.api.AssertEquals.assertEquals(AssertEquals.java:177)
	at org.junit.jupiter.api.Assertions.assertEquals(Assertions.java:1145)
	at org.thevoids.oncologic.controller.api.RestPatientControllerUnitTest.testDeletePatient_NullId(RestPatientControllerUnitTest.java:168)
	at java.base/java.lang.reflect.Method.invoke(Method.java:580)
	at java.base/java.util.ArrayList.forEach(ArrayList.java:1596)
	at java.base/java.util.ArrayList.forEach(ArrayList.java:1596)

[ERROR] org.thevoids.oncologic.controller.api.RestPatientControllerUnitTest.testGetPatientById_NullId -- Time elapsed: 0.003 s <<< FAILURE!
org.opentest4j.AssertionFailedError: expected: <400 BAD_REQUEST> but was: <200 OK>
	at org.junit.jupiter.api.AssertionFailureBuilder.build(AssertionFailureBuilder.java:151)
	at org.junit.jupiter.api.AssertionFailureBuilder.buildAndThrow(AssertionFailureBuilder.java:132)
	at org.junit.jupiter.api.AssertEquals.failNotEqual(AssertEquals.java:197)
	at org.junit.jupiter.api.AssertEquals.assertEquals(AssertEquals.java:182)
	at org.junit.jupiter.api.AssertEquals.assertEquals(AssertEquals.java:177)
	at org.junit.jupiter.api.Assertions.assertEquals(Assertions.java:1145)
	at org.thevoids.oncologic.controller.api.RestPatientControllerUnitTest.testGetPatientById_NullId(RestPatientControllerUnitTest.java:94)
	at java.base/java.lang.reflect.Method.invoke(Method.java:580)
	at java.base/java.util.ArrayList.forEach(ArrayList.java:1596)
	at java.base/java.util.ArrayList.forEach(ArrayList.java:1596)

[ERROR] org.thevoids.oncologic.controller.api.RestPatientControllerUnitTest.testCreatePatient_NullBody -- Time elapsed: 0.003 s <<< FAILURE!
org.opentest4j.AssertionFailedError: expected: <400 BAD_REQUEST> but was: <201 CREATED>
	at org.junit.jupiter.api.AssertionFailureBuilder.build(AssertionFailureBuilder.java:151)
	at org.junit.jupiter.api.AssertionFailureBuilder.buildAndThrow(AssertionFailureBuilder.java:132)
	at org.junit.jupiter.api.AssertEquals.failNotEqual(AssertEquals.java:197)
	at org.junit.jupiter.api.AssertEquals.assertEquals(AssertEquals.java:182)
	at org.junit.jupiter.api.AssertEquals.assertEquals(AssertEquals.java:177)
	at org.junit.jupiter.api.Assertions.assertEquals(Assertions.java:1145)
	at org.thevoids.oncologic.controller.api.RestPatientControllerUnitTest.testCreatePatient_NullBody(RestPatientControllerUnitTest.java:120)
	at java.base/java.lang.reflect.Method.invoke(Method.java:580)
	at java.base/java.util.ArrayList.forEach(ArrayList.java:1596)
	at java.base/java.util.ArrayList.forEach(ArrayList.java:1596)

[ERROR] org.thevoids.oncologic.controller.api.RestPatientControllerUnitTest.testUpdatePatient_NullBody -- Time elapsed: 0.012 s <<< FAILURE!
org.opentest4j.AssertionFailedError: expected: <400 BAD_REQUEST> but was: <500 INTERNAL_SERVER_ERROR>
	at org.junit.jupiter.api.AssertionFailureBuilder.build(AssertionFailureBuilder.java:151)
	at org.junit.jupiter.api.AssertionFailureBuilder.buildAndThrow(AssertionFailureBuilder.java:132)
	at org.junit.jupiter.api.AssertEquals.failNotEqual(AssertEquals.java:197)
	at org.junit.jupiter.api.AssertEquals.assertEquals(AssertEquals.java:182)
	at org.junit.jupiter.api.AssertEquals.assertEquals(AssertEquals.java:177)
	at org.junit.jupiter.api.Assertions.assertEquals(Assertions.java:1145)
	at org.thevoids.oncologic.controller.api.RestPatientControllerUnitTest.testUpdatePatient_NullBody(RestPatientControllerUnitTest.java:147)
	at java.base/java.lang.reflect.Method.invoke(Method.java:580)
	at java.base/java.util.ArrayList.forEach(ArrayList.java:1596)
	at java.base/java.util.ArrayList.forEach(ArrayList.java:1596)

[INFO] Running org.thevoids.oncologic.controller.api.RestPermissionControllerUnitTest
[INFO] Tests run: 15, Failures: 0, Errors: 0, Skipped: 0, Time elapsed: 0.207 s -- in org.thevoids.oncologic.controller.api.RestPermissionControllerUnitTest
[INFO] Running org.thevoids.oncologic.controller.api.RestRoleControllerUnitTest
[INFO] Tests run: 24, Failures: 0, Errors: 0, Skipped: 0, Time elapsed: 0.819 s -- in org.thevoids.oncologic.controller.api.RestRoleControllerUnitTest
[INFO] Running org.thevoids.oncologic.controller.api.RestScheduleControllerUnitTest
[ERROR] Tests run: 15, Failures: 4, Errors: 0, Skipped: 0, Time elapsed: 0.111 s <<< FAILURE! -- in org.thevoids.oncologic.controller.api.RestScheduleControllerUnitTest
[ERROR] org.thevoids.oncologic.controller.api.RestScheduleControllerUnitTest.testCreateSchedule_NullBody -- Time elapsed: 0.064 s <<< FAILURE!
org.opentest4j.AssertionFailedError: expected: <400 BAD_REQUEST> but was: <201 CREATED>
	at org.junit.jupiter.api.AssertionFailureBuilder.build(AssertionFailureBuilder.java:151)
	at org.junit.jupiter.api.AssertionFailureBuilder.buildAndThrow(AssertionFailureBuilder.java:132)
	at org.junit.jupiter.api.AssertEquals.failNotEqual(AssertEquals.java:197)
	at org.junit.jupiter.api.AssertEquals.assertEquals(AssertEquals.java:182)
	at org.junit.jupiter.api.AssertEquals.assertEquals(AssertEquals.java:177)
	at org.junit.jupiter.api.Assertions.assertEquals(Assertions.java:1145)
	at org.thevoids.oncologic.controller.api.RestScheduleControllerUnitTest.testCreateSchedule_NullBody(RestScheduleControllerUnitTest.java:109)
	at java.base/java.lang.reflect.Method.invoke(Method.java:580)
	at java.base/java.util.ArrayList.forEach(ArrayList.java:1596)
	at java.base/java.util.ArrayList.forEach(ArrayList.java:1596)

[ERROR] org.thevoids.oncologic.controller.api.RestScheduleControllerUnitTest.testUpdateSchedule_NullBody -- Time elapsed: 0.003 s <<< FAILURE!
org.opentest4j.AssertionFailedError: expected: <400 BAD_REQUEST> but was: <500 INTERNAL_SERVER_ERROR>
	at org.junit.jupiter.api.AssertionFailureBuilder.build(AssertionFailureBuilder.java:151)
	at org.junit.jupiter.api.AssertionFailureBuilder.buildAndThrow(AssertionFailureBuilder.java:132)
	at org.junit.jupiter.api.AssertEquals.failNotEqual(AssertEquals.java:197)
	at org.junit.jupiter.api.AssertEquals.assertEquals(AssertEquals.java:182)
	at org.junit.jupiter.api.AssertEquals.assertEquals(AssertEquals.java:177)
	at org.junit.jupiter.api.Assertions.assertEquals(Assertions.java:1145)
	at org.thevoids.oncologic.controller.api.RestScheduleControllerUnitTest.testUpdateSchedule_NullBody(RestScheduleControllerUnitTest.java:135)
	at java.base/java.lang.reflect.Method.invoke(Method.java:580)
	at java.base/java.util.ArrayList.forEach(ArrayList.java:1596)
	at java.base/java.util.ArrayList.forEach(ArrayList.java:1596)

[ERROR] org.thevoids.oncologic.controller.api.RestScheduleControllerUnitTest.testDeleteSchedule_NullId -- Time elapsed: 0.002 s <<< FAILURE!
org.opentest4j.AssertionFailedError: expected: <400 BAD_REQUEST> but was: <204 NO_CONTENT>
	at org.junit.jupiter.api.AssertionFailureBuilder.build(AssertionFailureBuilder.java:151)
	at org.junit.jupiter.api.AssertionFailureBuilder.buildAndThrow(AssertionFailureBuilder.java:132)
	at org.junit.jupiter.api.AssertEquals.failNotEqual(AssertEquals.java:197)
	at org.junit.jupiter.api.AssertEquals.assertEquals(AssertEquals.java:182)
	at org.junit.jupiter.api.AssertEquals.assertEquals(AssertEquals.java:177)
	at org.junit.jupiter.api.Assertions.assertEquals(Assertions.java:1145)
	at org.thevoids.oncologic.controller.api.RestScheduleControllerUnitTest.testDeleteSchedule_NullId(RestScheduleControllerUnitTest.java:156)
	at java.base/java.lang.reflect.Method.invoke(Method.java:580)
	at java.base/java.util.ArrayList.forEach(ArrayList.java:1596)
	at java.base/java.util.ArrayList.forEach(ArrayList.java:1596)

[ERROR] org.thevoids.oncologic.controller.api.RestScheduleControllerUnitTest.testGetScheduleById_NullId -- Time elapsed: 0.002 s <<< FAILURE!
org.opentest4j.AssertionFailedError: expected: <400 BAD_REQUEST> but was: <200 OK>
	at org.junit.jupiter.api.AssertionFailureBuilder.build(AssertionFailureBuilder.java:151)
	at org.junit.jupiter.api.AssertionFailureBuilder.buildAndThrow(AssertionFailureBuilder.java:132)
	at org.junit.jupiter.api.AssertEquals.failNotEqual(AssertEquals.java:197)
	at org.junit.jupiter.api.AssertEquals.assertEquals(AssertEquals.java:182)
	at org.junit.jupiter.api.AssertEquals.assertEquals(AssertEquals.java:177)
	at org.junit.jupiter.api.Assertions.assertEquals(Assertions.java:1145)
	at org.thevoids.oncologic.controller.api.RestScheduleControllerUnitTest.testGetScheduleById_NullId(RestScheduleControllerUnitTest.java:84)
	at java.base/java.lang.reflect.Method.invoke(Method.java:580)
	at java.base/java.util.ArrayList.forEach(ArrayList.java:1596)
	at java.base/java.util.ArrayList.forEach(ArrayList.java:1596)

[INFO] Running org.thevoids.oncologic.controller.api.RestSpecialtyControllerUnitTest
[INFO] Tests run: 7, Failures: 0, Errors: 0, Skipped: 0, Time elapsed: 0.130 s -- in org.thevoids.oncologic.controller.api.RestSpecialtyControllerUnitTest
[INFO] Running org.thevoids.oncologic.controller.api.RestTaskControllerUnitTest
[INFO] Tests run: 14, Failures: 0, Errors: 0, Skipped: 0, Time elapsed: 0.175 s -- in org.thevoids.oncologic.controller.api.RestTaskControllerUnitTest
[INFO] Running org.thevoids.oncologic.controller.api.RestUserControllerUnitTest
[INFO] Tests run: 25, Failures: 0, Errors: 0, Skipped: 0, Time elapsed: 0.311 s -- in org.thevoids.oncologic.controller.api.RestUserControllerUnitTest
[INFO] Running org.thevoids.oncologic.controller.api.RestUserSpecialtyControllerUnitTest
[INFO] Tests run: 7, Failures: 0, Errors: 0, Skipped: 0, Time elapsed: 0.120 s -- in org.thevoids.oncologic.controller.api.RestUserSpecialtyControllerUnitTest
[INFO] Running org.thevoids.oncologic.controller.web.AuthControllerUnitTest
[INFO] Tests run: 1, Failures: 0, Errors: 0, Skipped: 0, Time elapsed: 0.079 s -- in org.thevoids.oncologic.controller.web.AuthControllerUnitTest
[INFO] Running org.thevoids.oncologic.controller.web.HomeControllerUnitTest
22:15:12.442 [main] INFO org.springframework.validation.beanvalidation.OptionalValidatorFactoryBean -- Failed to set up a Bean Validation provider: jakarta.validation.NoProviderFoundException: Unable to create a Configuration, because no Jakarta Bean Validation provider could be found. Add a provider like Hibernate Validator (RI) to your classpath.
22:15:13.533 [main] INFO org.springframework.mock.web.MockServletContext -- Initializing Spring TestDispatcherServlet ''
22:15:13.534 [main] INFO org.springframework.test.web.servlet.TestDispatcherServlet -- Initializing Servlet ''
22:15:13.547 [main] INFO org.springframework.test.web.servlet.TestDispatcherServlet -- Completed initialization in 11 ms
22:15:13.828 [main] INFO org.springframework.validation.beanvalidation.OptionalValidatorFactoryBean -- Failed to set up a Bean Validation provider: jakarta.validation.NoProviderFoundException: Unable to create a Configuration, because no Jakarta Bean Validation provider could be found. Add a provider like Hibernate Validator (RI) to your classpath.
22:15:13.839 [main] INFO org.springframework.mock.web.MockServletContext -- Initializing Spring TestDispatcherServlet ''
22:15:13.839 [main] INFO org.springframework.test.web.servlet.TestDispatcherServlet -- Initializing Servlet ''
22:15:13.840 [main] INFO org.springframework.test.web.servlet.TestDispatcherServlet -- Completed initialization in 1 ms
[INFO] Tests run: 2, Failures: 0, Errors: 0, Skipped: 0, Time elapsed: 1.867 s -- in org.thevoids.oncologic.controller.web.HomeControllerUnitTest
[INFO] Running org.thevoids.oncologic.controller.web.PermissionControllerUnitTest
22:15:13.859 [main] INFO org.springframework.validation.beanvalidation.OptionalValidatorFactoryBean -- Failed to set up a Bean Validation provider: jakarta.validation.NoProviderFoundException: Unable to create a Configuration, because no Jakarta Bean Validation provider could be found. Add a provider like Hibernate Validator (RI) to your classpath.
22:15:13.897 [main] INFO org.springframework.mock.web.MockServletContext -- Initializing Spring TestDispatcherServlet ''
22:15:13.897 [main] INFO org.springframework.test.web.servlet.TestDispatcherServlet -- Initializing Servlet ''
22:15:13.897 [main] INFO org.springframework.test.web.servlet.TestDispatcherServlet -- Completed initialization in 0 ms
22:15:14.058 [main] INFO org.springframework.validation.beanvalidation.OptionalValidatorFactoryBean -- Failed to set up a Bean Validation provider: jakarta.validation.NoProviderFoundException: Unable to create a Configuration, because no Jakarta Bean Validation provider could be found. Add a provider like Hibernate Validator (RI) to your classpath.
22:15:14.076 [main] INFO org.springframework.mock.web.MockServletContext -- Initializing Spring TestDispatcherServlet ''
22:15:14.076 [main] INFO org.springframework.test.web.servlet.TestDispatcherServlet -- Initializing Servlet ''
22:15:14.077 [main] INFO org.springframework.test.web.servlet.TestDispatcherServlet -- Completed initialization in 1 ms
22:15:14.088 [main] INFO org.springframework.validation.beanvalidation.OptionalValidatorFactoryBean -- Failed to set up a Bean Validation provider: jakarta.validation.NoProviderFoundException: Unable to create a Configuration, because no Jakarta Bean Validation provider could be found. Add a provider like Hibernate Validator (RI) to your classpath.
22:15:14.105 [main] INFO org.springframework.mock.web.MockServletContext -- Initializing Spring TestDispatcherServlet ''
22:15:14.106 [main] INFO org.springframework.test.web.servlet.TestDispatcherServlet -- Initializing Servlet ''
22:15:14.106 [main] INFO org.springframework.test.web.servlet.TestDispatcherServlet -- Completed initialization in 0 ms
22:15:14.112 [main] INFO org.springframework.validation.beanvalidation.OptionalValidatorFactoryBean -- Failed to set up a Bean Validation provider: jakarta.validation.NoProviderFoundException: Unable to create a Configuration, because no Jakarta Bean Validation provider could be found. Add a provider like Hibernate Validator (RI) to your classpath.
22:15:14.128 [main] INFO org.springframework.mock.web.MockServletContext -- Initializing Spring TestDispatcherServlet ''
22:15:14.128 [main] INFO org.springframework.test.web.servlet.TestDispatcherServlet -- Initializing Servlet ''
22:15:14.128 [main] INFO org.springframework.test.web.servlet.TestDispatcherServlet -- Completed initialization in 0 ms
22:15:14.134 [main] INFO org.springframework.validation.beanvalidation.OptionalValidatorFactoryBean -- Failed to set up a Bean Validation provider: jakarta.validation.NoProviderFoundException: Unable to create a Configuration, because no Jakarta Bean Validation provider could be found. Add a provider like Hibernate Validator (RI) to your classpath.
22:15:14.148 [main] INFO org.springframework.mock.web.MockServletContext -- Initializing Spring TestDispatcherServlet ''
22:15:14.148 [main] INFO org.springframework.test.web.servlet.TestDispatcherServlet -- Initializing Servlet ''
22:15:14.149 [main] INFO org.springframework.test.web.servlet.TestDispatcherServlet -- Completed initialization in 1 ms
22:15:14.154 [main] INFO org.springframework.validation.beanvalidation.OptionalValidatorFactoryBean -- Failed to set up a Bean Validation provider: jakarta.validation.NoProviderFoundException: Unable to create a Configuration, because no Jakarta Bean Validation provider could be found. Add a provider like Hibernate Validator (RI) to your classpath.
22:15:14.167 [main] INFO org.springframework.mock.web.MockServletContext -- Initializing Spring TestDispatcherServlet ''
22:15:14.168 [main] INFO org.springframework.test.web.servlet.TestDispatcherServlet -- Initializing Servlet ''
22:15:14.168 [main] INFO org.springframework.test.web.servlet.TestDispatcherServlet -- Completed initialization in 0 ms
22:15:14.173 [main] INFO org.springframework.validation.beanvalidation.OptionalValidatorFactoryBean -- Failed to set up a Bean Validation provider: jakarta.validation.NoProviderFoundException: Unable to create a Configuration, because no Jakarta Bean Validation provider could be found. Add a provider like Hibernate Validator (RI) to your classpath.
22:15:14.184 [main] INFO org.springframework.mock.web.MockServletContext -- Initializing Spring TestDispatcherServlet ''
22:15:14.185 [main] INFO org.springframework.test.web.servlet.TestDispatcherServlet -- Initializing Servlet ''
22:15:14.185 [main] INFO org.springframework.test.web.servlet.TestDispatcherServlet -- Completed initialization in 0 ms
22:15:14.197 [main] INFO org.springframework.validation.beanvalidation.OptionalValidatorFactoryBean -- Failed to set up a Bean Validation provider: jakarta.validation.NoProviderFoundException: Unable to create a Configuration, because no Jakarta Bean Validation provider could be found. Add a provider like Hibernate Validator (RI) to your classpath.
22:15:14.211 [main] INFO org.springframework.mock.web.MockServletContext -- Initializing Spring TestDispatcherServlet ''
22:15:14.211 [main] INFO org.springframework.test.web.servlet.TestDispatcherServlet -- Initializing Servlet ''
22:15:14.211 [main] INFO org.springframework.test.web.servlet.TestDispatcherServlet -- Completed initialization in 0 ms
22:15:14.230 [main] INFO org.springframework.validation.beanvalidation.OptionalValidatorFactoryBean -- Failed to set up a Bean Validation provider: jakarta.validation.NoProviderFoundException: Unable to create a Configuration, because no Jakarta Bean Validation provider could be found. Add a provider like Hibernate Validator (RI) to your classpath.
22:15:14.254 [main] INFO org.springframework.mock.web.MockServletContext -- Initializing Spring TestDispatcherServlet ''
22:15:14.255 [main] INFO org.springframework.test.web.servlet.TestDispatcherServlet -- Initializing Servlet ''
22:15:14.255 [main] INFO org.springframework.test.web.servlet.TestDispatcherServlet -- Completed initialization in 0 ms
22:15:14.263 [main] INFO org.springframework.validation.beanvalidation.OptionalValidatorFactoryBean -- Failed to set up a Bean Validation provider: jakarta.validation.NoProviderFoundException: Unable to create a Configuration, because no Jakarta Bean Validation provider could be found. Add a provider like Hibernate Validator (RI) to your classpath.
22:15:14.278 [main] INFO org.springframework.mock.web.MockServletContext -- Initializing Spring TestDispatcherServlet ''
22:15:14.278 [main] INFO org.springframework.test.web.servlet.TestDispatcherServlet -- Initializing Servlet ''
22:15:14.279 [main] INFO org.springframework.test.web.servlet.TestDispatcherServlet -- Completed initialization in 1 ms
22:15:14.288 [main] INFO org.springframework.validation.beanvalidation.OptionalValidatorFactoryBean -- Failed to set up a Bean Validation provider: jakarta.validation.NoProviderFoundException: Unable to create a Configuration, because no Jakarta Bean Validation provider could be found. Add a provider like Hibernate Validator (RI) to your classpath.
22:15:14.303 [main] INFO org.springframework.mock.web.MockServletContext -- Initializing Spring TestDispatcherServlet ''
22:15:14.303 [main] INFO org.springframework.test.web.servlet.TestDispatcherServlet -- Initializing Servlet ''
22:15:14.303 [main] INFO org.springframework.test.web.servlet.TestDispatcherServlet -- Completed initialization in 0 ms
[INFO] Tests run: 11, Failures: 0, Errors: 0, Skipped: 0, Time elapsed: 0.458 s -- in org.thevoids.oncologic.controller.web.PermissionControllerUnitTest
[INFO] Running org.thevoids.oncologic.controller.web.RoleControllerUnitTest
[INFO] Tests run: 15, Failures: 0, Errors: 0, Skipped: 0, Time elapsed: 0.081 s -- in org.thevoids.oncologic.controller.web.RoleControllerUnitTest
[INFO] Running org.thevoids.oncologic.controller.web.UserControllerUnitTest
22:15:14.403 [main] INFO org.springframework.validation.beanvalidation.OptionalValidatorFactoryBean -- Failed to set up a Bean Validation provider: jakarta.validation.NoProviderFoundException: Unable to create a Configuration, because no Jakarta Bean Validation provider could be found. Add a provider like Hibernate Validator (RI) to your classpath.
22:15:14.426 [main] INFO org.springframework.mock.web.MockServletContext -- Initializing Spring TestDispatcherServlet ''
22:15:14.426 [main] INFO org.springframework.test.web.servlet.TestDispatcherServlet -- Initializing Servlet ''
22:15:14.427 [main] INFO org.springframework.test.web.servlet.TestDispatcherServlet -- Completed initialization in 1 ms
22:15:14.448 [main] INFO org.springframework.validation.beanvalidation.OptionalValidatorFactoryBean -- Failed to set up a Bean Validation provider: jakarta.validation.NoProviderFoundException: Unable to create a Configuration, because no Jakarta Bean Validation provider could be found. Add a provider like Hibernate Validator (RI) to your classpath.
22:15:14.461 [main] INFO org.springframework.mock.web.MockServletContext -- Initializing Spring TestDispatcherServlet ''
22:15:14.461 [main] INFO org.springframework.test.web.servlet.TestDispatcherServlet -- Initializing Servlet ''
22:15:14.461 [main] INFO org.springframework.test.web.servlet.TestDispatcherServlet -- Completed initialization in 0 ms
22:15:14.482 [main] INFO org.springframework.validation.beanvalidation.OptionalValidatorFactoryBean -- Failed to set up a Bean Validation provider: jakarta.validation.NoProviderFoundException: Unable to create a Configuration, because no Jakarta Bean Validation provider could be found. Add a provider like Hibernate Validator (RI) to your classpath.
22:15:14.498 [main] INFO org.springframework.mock.web.MockServletContext -- Initializing Spring TestDispatcherServlet ''
22:15:14.499 [main] INFO org.springframework.test.web.servlet.TestDispatcherServlet -- Initializing Servlet ''
22:15:14.499 [main] INFO org.springframework.test.web.servlet.TestDispatcherServlet -- Completed initialization in 0 ms
22:15:14.512 [main] INFO org.springframework.validation.beanvalidation.OptionalValidatorFactoryBean -- Failed to set up a Bean Validation provider: jakarta.validation.NoProviderFoundException: Unable to create a Configuration, because no Jakarta Bean Validation provider could be found. Add a provider like Hibernate Validator (RI) to your classpath.
22:15:14.526 [main] INFO org.springframework.mock.web.MockServletContext -- Initializing Spring TestDispatcherServlet ''
22:15:14.526 [main] INFO org.springframework.test.web.servlet.TestDispatcherServlet -- Initializing Servlet ''
22:15:14.526 [main] INFO org.springframework.test.web.servlet.TestDispatcherServlet -- Completed initialization in 0 ms
22:15:14.535 [main] INFO org.springframework.validation.beanvalidation.OptionalValidatorFactoryBean -- Failed to set up a Bean Validation provider: jakarta.validation.NoProviderFoundException: Unable to create a Configuration, because no Jakarta Bean Validation provider could be found. Add a provider like Hibernate Validator (RI) to your classpath.
22:15:14.546 [main] INFO org.springframework.mock.web.MockServletContext -- Initializing Spring TestDispatcherServlet ''
22:15:14.546 [main] INFO org.springframework.test.web.servlet.TestDispatcherServlet -- Initializing Servlet ''
22:15:14.546 [main] INFO org.springframework.test.web.servlet.TestDispatcherServlet -- Completed initialization in 0 ms
22:15:14.556 [main] INFO org.springframework.validation.beanvalidation.OptionalValidatorFactoryBean -- Failed to set up a Bean Validation provider: jakarta.validation.NoProviderFoundException: Unable to create a Configuration, because no Jakarta Bean Validation provider could be found. Add a provider like Hibernate Validator (RI) to your classpath.
22:15:14.566 [main] INFO org.springframework.mock.web.MockServletContext -- Initializing Spring TestDispatcherServlet ''
22:15:14.566 [main] INFO org.springframework.test.web.servlet.TestDispatcherServlet -- Initializing Servlet ''
22:15:14.566 [main] INFO org.springframework.test.web.servlet.TestDispatcherServlet -- Completed initialization in 0 ms
22:15:14.574 [main] INFO org.springframework.validation.beanvalidation.OptionalValidatorFactoryBean -- Failed to set up a Bean Validation provider: jakarta.validation.NoProviderFoundException: Unable to create a Configuration, because no Jakarta Bean Validation provider could be found. Add a provider like Hibernate Validator (RI) to your classpath.
22:15:14.584 [main] INFO org.springframework.mock.web.MockServletContext -- Initializing Spring TestDispatcherServlet ''
22:15:14.584 [main] INFO org.springframework.test.web.servlet.TestDispatcherServlet -- Initializing Servlet ''
22:15:14.584 [main] INFO org.springframework.test.web.servlet.TestDispatcherServlet -- Completed initialization in 0 ms
22:15:14.593 [main] INFO org.springframework.validation.beanvalidation.OptionalValidatorFactoryBean -- Failed to set up a Bean Validation provider: jakarta.validation.NoProviderFoundException: Unable to create a Configuration, because no Jakarta Bean Validation provider could be found. Add a provider like Hibernate Validator (RI) to your classpath.
22:15:14.603 [main] INFO org.springframework.mock.web.MockServletContext -- Initializing Spring TestDispatcherServlet ''
22:15:14.603 [main] INFO org.springframework.test.web.servlet.TestDispatcherServlet -- Initializing Servlet ''
22:15:14.604 [main] INFO org.springframework.test.web.servlet.TestDispatcherServlet -- Completed initialization in 1 ms
22:15:14.611 [main] INFO org.springframework.validation.beanvalidation.OptionalValidatorFactoryBean -- Failed to set up a Bean Validation provider: jakarta.validation.NoProviderFoundException: Unable to create a Configuration, because no Jakarta Bean Validation provider could be found. Add a provider like Hibernate Validator (RI) to your classpath.
22:15:14.622 [main] INFO org.springframework.mock.web.MockServletContext -- Initializing Spring TestDispatcherServlet ''
22:15:14.623 [main] INFO org.springframework.test.web.servlet.TestDispatcherServlet -- Initializing Servlet ''
22:15:14.623 [main] INFO org.springframework.test.web.servlet.TestDispatcherServlet -- Completed initialization in 0 ms
22:15:14.629 [main] INFO org.springframework.validation.beanvalidation.OptionalValidatorFactoryBean -- Failed to set up a Bean Validation provider: jakarta.validation.NoProviderFoundException: Unable to create a Configuration, because no Jakarta Bean Validation provider could be found. Add a provider like Hibernate Validator (RI) to your classpath.
22:15:14.641 [main] INFO org.springframework.mock.web.MockServletContext -- Initializing Spring TestDispatcherServlet ''
22:15:14.641 [main] INFO org.springframework.test.web.servlet.TestDispatcherServlet -- Initializing Servlet ''
22:15:14.642 [main] INFO org.springframework.test.web.servlet.TestDispatcherServlet -- Completed initialization in 0 ms
22:15:14.648 [main] INFO org.springframework.validation.beanvalidation.OptionalValidatorFactoryBean -- Failed to set up a Bean Validation provider: jakarta.validation.NoProviderFoundException: Unable to create a Configuration, because no Jakarta Bean Validation provider could be found. Add a provider like Hibernate Validator (RI) to your classpath.
22:15:14.665 [main] INFO org.springframework.mock.web.MockServletContext -- Initializing Spring TestDispatcherServlet ''
22:15:14.665 [main] INFO org.springframework.test.web.servlet.TestDispatcherServlet -- Initializing Servlet ''
22:15:14.666 [main] INFO org.springframework.test.web.servlet.TestDispatcherServlet -- Completed initialization in 1 ms
22:15:14.675 [main] INFO org.springframework.validation.beanvalidation.OptionalValidatorFactoryBean -- Failed to set up a Bean Validation provider: jakarta.validation.NoProviderFoundException: Unable to create a Configuration, because no Jakarta Bean Validation provider could be found. Add a provider like Hibernate Validator (RI) to your classpath.
22:15:14.685 [main] INFO org.springframework.mock.web.MockServletContext -- Initializing Spring TestDispatcherServlet ''
22:15:14.685 [main] INFO org.springframework.test.web.servlet.TestDispatcherServlet -- Initializing Servlet ''
22:15:14.685 [main] INFO org.springframework.test.web.servlet.TestDispatcherServlet -- Completed initialization in 0 ms
[INFO] Tests run: 12, Failures: 0, Errors: 0, Skipped: 0, Time elapsed: 0.293 s -- in org.thevoids.oncologic.controller.web.UserControllerUnitTest
[INFO] Running org.thevoids.oncologic.controller.HomeUnitTest
22:15:14.695 [main] INFO org.springframework.validation.beanvalidation.OptionalValidatorFactoryBean -- Failed to set up a Bean Validation provider: jakarta.validation.NoProviderFoundException: Unable to create a Configuration, because no Jakarta Bean Validation provider could be found. Add a provider like Hibernate Validator (RI) to your classpath.
22:15:14.700 [main] INFO org.springframework.mock.web.MockServletContext -- Initializing Spring TestDispatcherServlet ''
22:15:14.701 [main] INFO org.springframework.test.web.servlet.TestDispatcherServlet -- Initializing Servlet ''
22:15:14.701 [main] INFO org.springframework.test.web.servlet.TestDispatcherServlet -- Completed initialization in 0 ms
[INFO] Tests run: 1, Failures: 0, Errors: 0, Skipped: 0, Time elapsed: 0.010 s -- in org.thevoids.oncologic.controller.HomeUnitTest
[INFO] Running org.thevoids.oncologic.dto.AuthMessagesDTOUnitTest
[INFO] Tests run: 4, Failures: 0, Errors: 0, Skipped: 0, Time elapsed: 0.005 s -- in org.thevoids.oncologic.dto.AuthMessagesDTOUnitTest
[INFO] Running org.thevoids.oncologic.dto.UserWithRolesDTOUnitTest
[INFO] Tests run: 3, Failures: 0, Errors: 0, Skipped: 0, Time elapsed: 0.004 s -- in org.thevoids.oncologic.dto.UserWithRolesDTOUnitTest
[INFO] Running org.thevoids.oncologic.mapper.AppointmentMapperUnitTest
[INFO] Tests run: 1, Failures: 0, Errors: 0, Skipped: 0, Time elapsed: 0.003 s -- in org.thevoids.oncologic.mapper.AppointmentMapperUnitTest
[INFO] Running org.thevoids.oncologic.mapper.AppointmentTypeMapperUnitTest
[INFO] Tests run: 1, Failures: 0, Errors: 0, Skipped: 0, Time elapsed: 0.002 s -- in org.thevoids.oncologic.mapper.AppointmentTypeMapperUnitTest
[INFO] Running org.thevoids.oncologic.mapper.ClinicAssignmentMapperUnitTest
[INFO] Tests run: 1, Failures: 0, Errors: 0, Skipped: 0, Time elapsed: 0.003 s -- in org.thevoids.oncologic.mapper.ClinicAssignmentMapperUnitTest
[INFO] Running org.thevoids.oncologic.mapper.ClinicMapperUnitTest
[INFO] Tests run: 1, Failures: 0, Errors: 0, Skipped: 0, Time elapsed: 0.002 s -- in org.thevoids.oncologic.mapper.ClinicMapperUnitTest
[INFO] Running org.thevoids.oncologic.mapper.PermissionMapperUnitTest
[INFO] Tests run: 4, Failures: 0, Errors: 0, Skipped: 0, Time elapsed: 0.005 s -- in org.thevoids.oncologic.mapper.PermissionMapperUnitTest
[INFO] Running org.thevoids.oncologic.mapper.RoleMapperUnitTest
[INFO] Tests run: 7, Failures: 0, Errors: 0, Skipped: 0, Time elapsed: 0.085 s -- in org.thevoids.oncologic.mapper.RoleMapperUnitTest
[INFO] Running org.thevoids.oncologic.mapper.TaskMapperUnitTest
[INFO] Tests run: 1, Failures: 0, Errors: 0, Skipped: 0, Time elapsed: 0.002 s -- in org.thevoids.oncologic.mapper.TaskMapperUnitTest
[INFO] Running org.thevoids.oncologic.mapper.UserMapperUnitTest
[INFO] Tests run: 7, Failures: 0, Errors: 0, Skipped: 0, Time elapsed: 0.011 s -- in org.thevoids.oncologic.mapper.UserMapperUnitTest
[INFO] Running org.thevoids.oncologic.security.jwt.JwtAuthenticationFilterUnitTests
[INFO] Tests run: 6, Failures: 0, Errors: 0, Skipped: 0, Time elapsed: 0.444 s -- in org.thevoids.oncologic.security.jwt.JwtAuthenticationFilterUnitTests
[INFO] Running org.thevoids.oncologic.security.CustomAccessDeniedHandlerUnitTest
[INFO] Tests run: 3, Failures: 0, Errors: 0, Skipped: 0, Time elapsed: 0.063 s -- in org.thevoids.oncologic.security.CustomAccessDeniedHandlerUnitTest
[INFO] Running org.thevoids.oncologic.security.CustomUserDetailUnitTest
[INFO] Tests run: 4, Failures: 0, Errors: 0, Skipped: 0, Time elapsed: 0.186 s -- in org.thevoids.oncologic.security.CustomUserDetailUnitTest
[INFO] Running org.thevoids.oncologic.service.AppointmentServiceUnitTest
[INFO] Tests run: 18, Failures: 0, Errors: 0, Skipped: 0, Time elapsed: 0.333 s -- in org.thevoids.oncologic.service.AppointmentServiceUnitTest
[INFO] Running org.thevoids.oncologic.service.AppointmentTypeServiceUnitTest
[INFO] Tests run: 16, Failures: 0, Errors: 0, Skipped: 0, Time elapsed: 0.030 s -- in org.thevoids.oncologic.service.AppointmentTypeServiceUnitTest
[INFO] Running org.thevoids.oncologic.service.AssignedRolesServiceUnitTest
[INFO] Tests run: 14, Failures: 0, Errors: 0, Skipped: 0, Time elapsed: 0.195 s -- in org.thevoids.oncologic.service.AssignedRolesServiceUnitTest
[INFO] Running org.thevoids.oncologic.service.ClinicAssigmentServiceUnitTest
[INFO] Tests run: 19, Failures: 0, Errors: 0, Skipped: 0, Time elapsed: 0.123 s -- in org.thevoids.oncologic.service.ClinicAssigmentServiceUnitTest
[INFO] Running org.thevoids.oncologic.service.ClinicServiceUnitTest
[INFO] Tests run: 10, Failures: 0, Errors: 0, Skipped: 0, Time elapsed: 0.022 s -- in org.thevoids.oncologic.service.ClinicServiceUnitTest
[INFO] Running org.thevoids.oncologic.service.CustomUserDetailsServiceUnitTest
[INFO] Tests run: 2, Failures: 0, Errors: 0, Skipped: 0, Time elapsed: 0.006 s -- in org.thevoids.oncologic.service.CustomUserDetailsServiceUnitTest
[INFO] Running org.thevoids.oncologic.service.LabServiceUnitTest
[INFO] Tests run: 15, Failures: 0, Errors: 0, Skipped: 0, Time elapsed: 0.151 s -- in org.thevoids.oncologic.service.LabServiceUnitTest
[INFO] Running org.thevoids.oncologic.service.MedicalHistoryServiceUnitTest
[INFO] Tests run: 11, Failures: 0, Errors: 0, Skipped: 0, Time elapsed: 0.227 s -- in org.thevoids.oncologic.service.MedicalHistoryServiceUnitTest
[INFO] Running org.thevoids.oncologic.service.PatientServiceUnitTest
[INFO] Tests run: 10, Failures: 0, Errors: 0, Skipped: 0, Time elapsed: 0.067 s -- in org.thevoids.oncologic.service.PatientServiceUnitTest
[INFO] Running org.thevoids.oncologic.service.PermissionServiceUnitTest
[INFO] Tests run: 10, Failures: 0, Errors: 0, Skipped: 0, Time elapsed: 0.025 s -- in org.thevoids.oncologic.service.PermissionServiceUnitTest
[INFO] Running org.thevoids.oncologic.service.RolePermissionServiceUnitTest
[INFO] Tests run: 20, Failures: 0, Errors: 0, Skipped: 0, Time elapsed: 0.041 s -- in org.thevoids.oncologic.service.RolePermissionServiceUnitTest
[INFO] Running org.thevoids.oncologic.service.RoleServiceUnitTest
[INFO] Tests run: 10, Failures: 0, Errors: 0, Skipped: 0, Time elapsed: 0.015 s -- in org.thevoids.oncologic.service.RoleServiceUnitTest
[INFO] Running org.thevoids.oncologic.service.ScheduleServiceUnitTest
[INFO] Tests run: 11, Failures: 0, Errors: 0, Skipped: 0, Time elapsed: 0.110 s -- in org.thevoids.oncologic.service.ScheduleServiceUnitTest
[INFO] Running org.thevoids.oncologic.service.SpecialtyServiceUnitTest
[INFO] Tests run: 11, Failures: 0, Errors: 0, Skipped: 0, Time elapsed: 0.087 s -- in org.thevoids.oncologic.service.SpecialtyServiceUnitTest
[INFO] Running org.thevoids.oncologic.service.UserServiceUnitTest
[INFO] Tests run: 9, Failures: 0, Errors: 0, Skipped: 0, Time elapsed: 0.058 s -- in org.thevoids.oncologic.service.UserServiceUnitTest
[INFO] Running org.thevoids.oncologic.service.UserSpecialtyServiceUnitTest
[INFO] Tests run: 14, Failures: 0, Errors: 0, Skipped: 0, Time elapsed: 0.249 s -- in org.thevoids.oncologic.service.UserSpecialtyServiceUnitTest
[INFO] Running org.thevoids.oncologic.utils.JwtServiceUnitTest
[INFO] Tests run: 12, Failures: 0, Errors: 0, Skipped: 0, Time elapsed: 0.397 s -- in org.thevoids.oncologic.utils.JwtServiceUnitTest
[INFO] Running org.thevoids.oncologic.OncoLogicApplicationTests
22:15:17.815 [main] INFO org.springframework.test.context.support.AnnotationConfigContextLoaderUtils -- Could not detect default configuration classes for test class [org.thevoids.oncologic.OncoLogicApplicationTests]: OncoLogicApplicationTests does not declare any static, non-private, non-final, nested classes annotated with @Configuration.
22:15:18.039 [main] INFO org.springframework.boot.test.context.SpringBootTestContextBootstrapper -- Found @SpringBootConfiguration org.thevoids.oncologic.OncoLogicApplication for test class org.thevoids.oncologic.OncoLogicApplicationTests
22:15:18.208 [main] INFO org.springframework.boot.devtools.restart.RestartApplicationListener -- Restart disabled due to context in which it is running

  .   ____          _            __ _ _
 /\\ / ___'_ __ _ _(_)_ __  __ _ \ \ \ \
( ( )\___ | '_ | '_| | '_ \/ _` | \ \ \ \
 \\/  ___)| |_)| | | | | || (_| |  ) ) ) )
  '  |____| .__|_| |_|_| |_\__, | / / / /
 =========|_|==============|___/=/_/_/_/

 :: Spring Boot ::                (v3.4.4)

2025-05-11T22:15:18.771-05:00  INFO 151907 --- [           main] o.t.oncologic.OncoLogicApplicationTests  : Starting OncoLogicApplicationTests using Java 21.0.7 with PID 151907 (started by osgomez in /home/osgomez/Code/icesi_codes/7mo_semestre/compunet2/proyecto-final-thevoids)
2025-05-11T22:15:18.773-05:00  INFO 151907 --- [           main] o.t.oncologic.OncoLogicApplicationTests  : No active profile set, falling back to 1 default profile: "default"
2025-05-11T22:15:20.821-05:00  INFO 151907 --- [           main] .s.d.r.c.RepositoryConfigurationDelegate : Bootstrapping Spring Data JPA repositories in DEFAULT mode.
2025-05-11T22:15:21.048-05:00  INFO 151907 --- [           main] .s.d.r.c.RepositoryConfigurationDelegate : Finished Spring Data repository scanning in 207 ms. Found 16 JPA repository interfaces.
2025-05-11T22:15:22.074-05:00  INFO 151907 --- [           main] o.hibernate.jpa.internal.util.LogHelper  : HHH000204: Processing PersistenceUnitInfo [name: default]
2025-05-11T22:15:22.220-05:00  INFO 151907 --- [           main] org.hibernate.Version                    : HHH000412: Hibernate ORM core version 6.6.11.Final
2025-05-11T22:15:22.293-05:00  INFO 151907 --- [           main] o.h.c.internal.RegionFactoryInitiator    : HHH000026: Second-level cache disabled
2025-05-11T22:15:22.550-05:00  INFO 151907 --- [           main] o.s.o.j.p.SpringPersistenceUnitInfo      : No LoadTimeWeaver setup: ignoring JPA class transformer
2025-05-11T22:15:22.631-05:00  INFO 151907 --- [           main] com.zaxxer.hikari.HikariDataSource       : HikariPool-1 - Starting...
2025-05-11T22:15:23.211-05:00  INFO 151907 --- [           main] com.zaxxer.hikari.pool.HikariPool        : HikariPool-1 - Added connection conn0: url=jdbc:h2:mem:testdb user=SA
2025-05-11T22:15:23.213-05:00  INFO 151907 --- [           main] com.zaxxer.hikari.HikariDataSource       : HikariPool-1 - Start completed.
2025-05-11T22:15:23.268-05:00  WARN 151907 --- [           main] org.hibernate.orm.deprecation            : HHH90000025: H2Dialect does not need to be specified explicitly using 'hibernate.dialect' (remove the property setting and it will be selected by default)
2025-05-11T22:15:23.318-05:00  INFO 151907 --- [           main] org.hibernate.orm.connections.pooling    : HHH10001005: Database info:
	Database JDBC URL [Connecting through datasource 'HikariDataSource (HikariPool-1)']
	Database driver: undefined/unknown
	Database version: 2.3.232
	Autocommit mode: undefined/unknown
	Isolation level: undefined/unknown
	Minimum pool size: undefined/unknown
	Maximum pool size: undefined/unknown
2025-05-11T22:15:25.406-05:00  INFO 151907 --- [           main] o.h.e.t.j.p.i.JtaPlatformInitiator       : HHH000489: No JTA platform available (set 'hibernate.transaction.jta.platform' to enable JTA platform integration)
2025-05-11T22:15:25.412-05:00  INFO 151907 --- [           main] j.LocalContainerEntityManagerFactoryBean : Initialized JPA EntityManagerFactory for persistence unit 'default'
2025-05-11T22:15:26.163-05:00  INFO 151907 --- [           main] r$InitializeUserDetailsManagerConfigurer : Global AuthenticationManager configured with UserDetailsService bean with name customUserDetailsServiceImpl
2025-05-11T22:15:26.345-05:00  INFO 151907 --- [           main] o.s.d.j.r.query.QueryEnhancerFactory     : Hibernate is in classpath; If applicable, HQL parser will be used.
2025-05-11T22:15:28.477-05:00  WARN 151907 --- [           main] JpaBaseConfiguration$JpaWebConfiguration : spring.jpa.open-in-view is enabled by default. Therefore, database queries may be performed during view rendering. Explicitly configure spring.jpa.open-in-view to disable this warning
2025-05-11T22:15:29.384-05:00  INFO 151907 --- [           main] o.s.v.b.OptionalValidatorFactoryBean     : Failed to set up a Bean Validation provider: jakarta.validation.NoProviderFoundException: Unable to create a Configuration, because no Jakarta Bean Validation provider could be found. Add a provider like Hibernate Validator (RI) to your classpath.
2025-05-11T22:15:29.731-05:00  INFO 151907 --- [           main] o.s.b.a.h2.H2ConsoleAutoConfiguration    : H2 console available at '/h2-console'. Database available at 'jdbc:h2:mem:testdb'
2025-05-11T22:15:29.873-05:00  INFO 151907 --- [           main] o.t.oncologic.OncoLogicApplicationTests  : Started OncoLogicApplicationTests in 11.682 seconds (process running for 25.221)
2025-05-11T22:15:29.906-05:00  INFO 151907 --- [           main] o.s.b.d.r.RestartApplicationListener     : Restart disabled due to context in which it is running

  .   ____          _            __ _ _
 /\\ / ___'_ __ _ _(_)_ __  __ _ \ \ \ \
( ( )\___ | '_ | '_| | '_ \/ _` | \ \ \ \
 \\/  ___)| |_)| | | | | || (_| |  ) ) ) )
  '  |____| .__|_| |_|_| |_\__, | / / / /
 =========|_|==============|___/=/_/_/_/

 :: Spring Boot ::                (v3.4.4)

2025-05-11T22:15:29.956-05:00  INFO 151907 --- [           main] o.t.oncologic.OncoLogicApplication       : Starting OncoLogicApplication using Java 21.0.7 with PID 151907 (started by osgomez in /home/osgomez/Code/icesi_codes/7mo_semestre/compunet2/proyecto-final-thevoids)
2025-05-11T22:15:29.956-05:00  INFO 151907 --- [           main] o.t.oncologic.OncoLogicApplication       : No active profile set, falling back to 1 default profile: "default"
2025-05-11T22:15:30.387-05:00  INFO 151907 --- [           main] .s.d.r.c.RepositoryConfigurationDelegate : Bootstrapping Spring Data JPA repositories in DEFAULT mode.
2025-05-11T22:15:30.456-05:00  INFO 151907 --- [           main] .s.d.r.c.RepositoryConfigurationDelegate : Finished Spring Data repository scanning in 66 ms. Found 16 JPA repository interfaces.
2025-05-11T22:15:30.843-05:00  INFO 151907 --- [           main] o.s.b.w.embedded.tomcat.TomcatWebServer  : Tomcat initialized with port 8080 (http)
2025-05-11T22:15:30.869-05:00  INFO 151907 --- [           main] o.apache.catalina.core.StandardService   : Starting service [Tomcat]
2025-05-11T22:15:30.870-05:00  INFO 151907 --- [           main] o.apache.catalina.core.StandardEngine    : Starting Servlet engine: [Apache Tomcat/10.1.39]
2025-05-11T22:15:30.945-05:00  INFO 151907 --- [           main] o.a.c.c.C.[Tomcat].[localhost].[/]       : Initializing Spring embedded WebApplicationContext
2025-05-11T22:15:30.945-05:00  INFO 151907 --- [           main] w.s.c.ServletWebServerApplicationContext : Root WebApplicationContext: initialization completed in 986 ms
2025-05-11T22:15:31.011-05:00  INFO 151907 --- [           main] o.hibernate.jpa.internal.util.LogHelper  : HHH000204: Processing PersistenceUnitInfo [name: default]
2025-05-11T22:15:31.015-05:00  INFO 151907 --- [           main] o.h.c.internal.RegionFactoryInitiator    : HHH000026: Second-level cache disabled
2025-05-11T22:15:31.029-05:00  INFO 151907 --- [           main] o.s.o.j.p.SpringPersistenceUnitInfo      : No LoadTimeWeaver setup: ignoring JPA class transformer
2025-05-11T22:15:31.031-05:00  INFO 151907 --- [           main] com.zaxxer.hikari.HikariDataSource       : HikariPool-2 - Starting...
2025-05-11T22:15:31.034-05:00  INFO 151907 --- [           main] com.zaxxer.hikari.pool.HikariPool        : HikariPool-2 - Added connection conn10: url=jdbc:h2:mem:testdb user=SA
2025-05-11T22:15:31.035-05:00  INFO 151907 --- [           main] com.zaxxer.hikari.HikariDataSource       : HikariPool-2 - Start completed.
2025-05-11T22:15:31.036-05:00  WARN 151907 --- [           main] org.hibernate.orm.deprecation            : HHH90000025: H2Dialect does not need to be specified explicitly using 'hibernate.dialect' (remove the property setting and it will be selected by default)
2025-05-11T22:15:31.037-05:00  INFO 151907 --- [           main] org.hibernate.orm.connections.pooling    : HHH10001005: Database info:
	Database JDBC URL [Connecting through datasource 'HikariDataSource (HikariPool-2)']
	Database driver: undefined/unknown
	Database version: 2.3.232
	Autocommit mode: undefined/unknown
	Isolation level: undefined/unknown
	Minimum pool size: undefined/unknown
	Maximum pool size: undefined/unknown
2025-05-11T22:15:31.544-05:00  INFO 151907 --- [           main] o.h.e.t.j.p.i.JtaPlatformInitiator       : HHH000489: No JTA platform available (set 'hibernate.transaction.jta.platform' to enable JTA platform integration)
2025-05-11T22:15:31.545-05:00  INFO 151907 --- [           main] j.LocalContainerEntityManagerFactoryBean : Initialized JPA EntityManagerFactory for persistence unit 'default'
2025-05-11T22:15:31.714-05:00  INFO 151907 --- [           main] r$InitializeUserDetailsManagerConfigurer : Global AuthenticationManager configured with UserDetailsService bean with name customUserDetailsServiceImpl
2025-05-11T22:15:31.871-05:00  WARN 151907 --- [           main] JpaBaseConfiguration$JpaWebConfiguration : spring.jpa.open-in-view is enabled by default. Therefore, database queries may be performed during view rendering. Explicitly configure spring.jpa.open-in-view to disable this warning
2025-05-11T22:15:32.118-05:00  INFO 151907 --- [           main] o.s.v.b.OptionalValidatorFactoryBean     : Failed to set up a Bean Validation provider: jakarta.validation.NoProviderFoundException: Unable to create a Configuration, because no Jakarta Bean Validation provider could be found. Add a provider like Hibernate Validator (RI) to your classpath.
2025-05-11T22:15:32.208-05:00  INFO 151907 --- [           main] o.s.b.a.h2.H2ConsoleAutoConfiguration    : H2 console available at '/h2-console'. Database available at 'jdbc:h2:mem:testdb'
2025-05-11T22:15:32.294-05:00  INFO 151907 --- [           main] o.s.b.w.embedded.tomcat.TomcatWebServer  : Tomcat started on port 8080 (http) with context path '/'
2025-05-11T22:15:32.303-05:00  INFO 151907 --- [           main] o.t.oncologic.OncoLogicApplication       : Started OncoLogicApplication in 2.398 seconds (process running for 27.651)
[INFO] Tests run: 2, Failures: 0, Errors: 0, Skipped: 0, Time elapsed: 14.60 s -- in org.thevoids.oncologic.OncoLogicApplicationTests
[INFO] 
[INFO] Results:
[INFO] 
[ERROR] Failures: 
[ERROR]   RestMedicalHistoryControllerUnitTest.testCreateMedicalHistory_NullBody:205 expected: <400 BAD_REQUEST> but was: <201 CREATED>
[ERROR]   RestMedicalHistoryControllerUnitTest.testDeleteMedicalHistory_NullId:217 expected: <400 BAD_REQUEST> but was: <204 NO_CONTENT>
[ERROR]   RestMedicalHistoryControllerUnitTest.testGetMedicalHistoryById_NullId:199 expected: <400 BAD_REQUEST> but was: <200 OK>
[ERROR]   RestMedicalHistoryControllerUnitTest.testUpdateMedicalHistory_NullBody:211 expected: <400 BAD_REQUEST> but was: <500 INTERNAL_SERVER_ERROR>
[ERROR]   RestPatientControllerUnitTest.testCreatePatient_NullBody:120 expected: <400 BAD_REQUEST> but was: <201 CREATED>
[ERROR]   RestPatientControllerUnitTest.testDeletePatient_NullId:168 expected: <400 BAD_REQUEST> but was: <204 NO_CONTENT>
[ERROR]   RestPatientControllerUnitTest.testGetPatientById_NullId:94 expected: <400 BAD_REQUEST> but was: <200 OK>
[ERROR]   RestPatientControllerUnitTest.testUpdatePatient_NullBody:147 expected: <400 BAD_REQUEST> but was: <500 INTERNAL_SERVER_ERROR>
[ERROR]   RestScheduleControllerUnitTest.testCreateSchedule_NullBody:109 expected: <400 BAD_REQUEST> but was: <201 CREATED>
[ERROR]   RestScheduleControllerUnitTest.testDeleteSchedule_NullId:156 expected: <400 BAD_REQUEST> but was: <204 NO_CONTENT>
[ERROR]   RestScheduleControllerUnitTest.testGetScheduleById_NullId:84 expected: <400 BAD_REQUEST> but was: <200 OK>
[ERROR]   RestScheduleControllerUnitTest.testUpdateSchedule_NullBody:135 expected: <400 BAD_REQUEST> but was: <500 INTERNAL_SERVER_ERROR>
[INFO] 
[ERROR] Tests run: 513, Failures: 12, Errors: 0, Skipped: 0
[INFO] 
[INFO] ------------------------------------------------------------------------
[INFO] BUILD FAILURE
[INFO] ------------------------------------------------------------------------
[INFO] Total time:  29.564 s
[INFO] Finished at: 2025-05-11T22:15:32-05:00
[INFO] ------------------------------------------------------------------------
[ERROR] Failed to execute goal org.apache.maven.plugins:maven-surefire-plugin:3.5.2:test (default-test) on project OncoLogic: There are test failures.
[ERROR] 
[ERROR] See /home/osgomez/Code/icesi_codes/7mo_semestre/compunet2/proyecto-final-thevoids/target/surefire-reports for the individual test results.
[ERROR] See dump files (if any exist) [date].dump, [date]-jvmRun[N].dump and [date].dumpstream.
[ERROR] -> [Help 1]
[ERROR] 
[ERROR] To see the full stack trace of the errors, re-run Maven with the -e switch.
[ERROR] Re-run Maven using the -X switch to enable full debug logging.
[ERROR] 
[ERROR] For more information about the errors and possible solutions, please read the following articles:
[ERROR] [Help 1] http://cwiki.apache.org/confluence/display/MAVEN/MojoFailureException
